[debug] [2022-03-15T18:36:09.419Z] ----------------------------------------------------------------------
[debug] [2022-03-15T18:36:09.423Z] Command:       C:\Program Files (x86)\nodejs\node.exe C:\Users\shail\AppData\Roaming\npm\node_modules\firebase-tools\lib\bin\firebase.js init
[debug] [2022-03-15T18:36:09.424Z] CLI Version:   10.1.2
[debug] [2022-03-15T18:36:09.424Z] Platform:      win32
[debug] [2022-03-15T18:36:09.424Z] Node Version:  v14.16.1
[debug] [2022-03-15T18:36:09.426Z] Time:          Wed Mar 16 2022 00:06:09 GMT+0530 (India Standard Time)
[debug] [2022-03-15T18:36:09.427Z] ----------------------------------------------------------------------
[debug] 
[debug] [2022-03-15T18:36:09.432Z] >>> [apiv2][query] GET https://firebase-public.firebaseio.com/cli.json [none]
[debug] [2022-03-15T18:36:09.517Z] > command requires scopes: ["email","openid","https://www.googleapis.com/auth/cloudplatformprojects.readonly","https://www.googleapis.com/auth/firebase","https://www.googleapis.com/auth/cloud-platform"]
[debug] [2022-03-15T18:36:09.518Z] > authorizing via signed-in user (shailavirajpihu@gmail.com)
[info] 
     ######## #### ########  ######## ########     ###     ######  ########
     ##        ##  ##     ## ##       ##     ##  ##   ##  ##       ##
     ######    ##  ########  ######   ########  #########  ######  ######
     ##        ##  ##    ##  ##       ##     ## ##     ##       ## ##
     ##       #### ##     ## ######## ########  ##     ##  ######  ########

You're about to initialize a Firebase project in this directory:

  C:\Users\shail\OneDrive\Desktop\superproject\yamak-assignment

[debug] [2022-03-15T18:39:41.771Z] ----------------------------------------------------------------------
[debug] [2022-03-15T18:39:41.775Z] Command:       C:\Program Files (x86)\nodejs\node.exe C:\Users\shail\AppData\Roaming\npm\node_modules\firebase-tools\lib\bin\firebase.js init
[debug] [2022-03-15T18:39:41.776Z] CLI Version:   10.1.2
[debug] [2022-03-15T18:39:41.776Z] Platform:      win32
[debug] [2022-03-15T18:39:41.776Z] Node Version:  v14.16.1
[debug] [2022-03-15T18:39:41.778Z] Time:          Wed Mar 16 2022 00:09:41 GMT+0530 (India Standard Time)
[debug] [2022-03-15T18:39:41.779Z] ----------------------------------------------------------------------
[debug] 
[debug] [2022-03-15T18:39:41.784Z] >>> [apiv2][query] GET https://firebase-public.firebaseio.com/cli.json [none]
[debug] [2022-03-15T18:39:41.833Z] > command requires scopes: ["email","openid","https://www.googleapis.com/auth/cloudplatformprojects.readonly","https://www.googleapis.com/auth/firebase","https://www.googleapis.com/auth/cloud-platform"]
[debug] [2022-03-15T18:39:41.834Z] > authorizing via signed-in user (shailavirajpihu@gmail.com)
[info] 
     ######## #### ########  ######## ########     ###     ######  ########
     ##        ##  ##     ## ##       ##     ##  ##   ##  ##       ##
     ######    ##  ########  ######   ########  #########  ######  ######
     ##        ##  ##    ##  ##       ##     ## ##     ##       ## ##
     ##       #### ##     ## ######## ########  ##     ##  ######  ########

You're about to initialize a Firebase project in this directory:

  C:\Users\shail\OneDrive\Desktop\superproject\yamak-assignment

